Lab2/ImplicitIntent/app/build/intermediates/manifest_merge_blame_file/debug/manifest-merger-blame-debug-report.txt
1<?xml version="1.0" encoding="utf-8"?>
2<manifest xmlns:android="http://schemas.android.com/apk/res/android"
3    package="com.example.implicitintent"
4    android:versionCode="1"
5    android:versionName="1.0" >
6
7    <uses-sdk
8        android:minSdkVersion="21"
8-->src\main\AndroidManifest.xml
9        android:targetSdkVersion="32" />
9-->src\main\AndroidManifest.xml
10
11    <!-- query is necessary since api 30 -->
12    <queries>
12-->src\main\AndroidManifest.xml:26:5-37:15
13        <intent>
13-->src\main\AndroidManifest.xml:27:9-31:18
14            <action android:name="android.intent.action.VIEW" />
14-->src\main\AndroidManifest.xml:28:13-65
14-->src\main\AndroidManifest.xml:28:21-62
15
16            <data android:scheme="http" />
16-->src\main\AndroidManifest.xml:29:13-43
16-->src\main\AndroidManifest.xml:29:19-40
17        </intent>
18        <intent>
18-->src\main\AndroidManifest.xml:33:9-36:18
19            <action android:name="android.intent.action.VIEW" />
19-->src\main\AndroidManifest.xml:28:13-65
19-->src\main\AndroidManifest.xml:28:21-62
20
21            <data android:scheme="geo" />
21-->src\main\AndroidManifest.xml:29:13-43
21-->src\main\AndroidManifest.xml:29:19-40
22        </intent>
23    </queries>
24
25    <application
25-->src\main\AndroidManifest.xml:5:5-23:19
26        android:allowBackup="true"
26-->src\main\AndroidManifest.xml:6:9-35
27        android:appComponentFactory="androidx.core.app.CoreComponentFactory"
27-->[androidx.core:core:1.7.0] AndroidManifest.xml:24:18-86
28        android:debuggable="true"
29        android:icon="@mipmap/ic_launcher"
29-->src\main\AndroidManifest.xml:7:9-43
30        android:label="@string/app_name"
30-->src\main\AndroidManifest.xml:8:9-41
31        android:roundIcon="@mipmap/ic_launcher_round"
31-->src\main\AndroidManifest.xml:9:9-54
32        android:supportsRtl="true"
32-->src\main\AndroidManifest.xml:10:9-35
33        android:testOnly="true"
34        android:theme="@style/Theme.ImplicitIntent" >
34-->src\main\AndroidManifest.xml:11:9-52
35        <activity
35-->src\main\AndroidManifest.xml:12:9-22:20
36            android:name="com.example.implicitintent.MainActivity"
36-->src\main\AndroidManifest.xml:13:13-41
37            android:exported="true" >
37-->src\main\AndroidManifest.xml:14:13-36
38            <intent-filter>
38-->src\main\AndroidManifest.xml:15:13-19:29
39                <action android:name="android.intent.action.MAIN" />
39-->src\main\AndroidManifest.xml:16:17-69
39-->src\main\AndroidManifest.xml:16:25-66
40
41                <category android:name="android.intent.category.LAUNCHER" />
41-->src\main\AndroidManifest.xml:18:17-77
41-->src\main\AndroidManifest.xml:18:27-74
42            </intent-filter>
43        </activity>
44
45        <provider
45-->[androidx.emoji2:emoji2:1.0.0] AndroidManifest.xml:26:9-34:20
46            android:name="androidx.startup.InitializationProvider"
46-->[androidx.emoji2:emoji2:1.0.0] AndroidManifest.xml:27:13-67
47            android:authorities="com.example.implicitintent.androidx-startup"
47-->[androidx.emoji2:emoji2:1.0.0] AndroidManifest.xml:28:13-68
48            android:exported="false" >
48-->[androidx.emoji2:emoji2:1.0.0] AndroidManifest.xml:29:13-37
49            <meta-data
49-->[androidx.emoji2:emoji2:1.0.0] AndroidManifest.xml:31:13-33:52
50                android:name="androidx.emoji2.text.EmojiCompatInitializer"
50-->[androidx.emoji2:emoji2:1.0.0] AndroidManifest.xml:32:17-75
51                android:value="androidx.startup" />
51-->[androidx.emoji2:emoji2:1.0.0] AndroidManifest.xml:33:17-49
52            <meta-data
52-->[androidx.lifecycle:lifecycle-process:2.4.0] AndroidManifest.xml:31:13-33:52
53                android:name="androidx.lifecycle.ProcessLifecycleInitializer"
53-->[androidx.lifecycle:lifecycle-process:2.4.0] AndroidManifest.xml:32:17-78
54                android:value="androidx.startup" />
54-->[androidx.lifecycle:lifecycle-process:2.4.0] AndroidManifest.xml:33:17-49
55        </provider>
56    </application>
57
58</manifest>